SF:lib\data\datasources\remote_data_source.dart
DA:26,1
DA:35,1
DA:41,0
DA:42,0
DA:43,0
DA:44,0
DA:45,0
DA:46,0
DA:49,0
DA:51,7
DA:55,0
DA:59,1
DA:62,1
DA:63,1
DA:64,1
DA:65,2
DA:66,4
DA:67,3
DA:68,1
DA:69,2
DA:70,2
DA:72,3
DA:74,2
DA:75,1
DA:76,1
DA:77,2
DA:78,1
DA:79,1
DA:80,2
DA:81,1
DA:82,1
DA:84,0
DA:88,1
DA:91,1
DA:92,1
DA:93,1
DA:94,1
DA:95,2
DA:96,1
DA:97,2
DA:103,0
DA:108,1
DA:114,0
DA:115,0
DA:116,0
DA:117,0
DA:118,0
DA:119,0
DA:122,0
DA:124,7
DA:128,0
DA:133,1
DA:135,2
DA:136,1
DA:137,1
DA:138,5
DA:139,1
DA:140,2
DA:141,2
DA:144,0
DA:145,0
DA:146,0
DA:147,0
DA:148,0
DA:150,1
DA:153,5
DA:154,2
DA:155,2
DA:156,2
DA:158,1
DA:160,0
DA:164,0
DA:169,1
DA:175,2
DA:176,1
DA:177,2
DA:178,2
DA:179,1
DA:180,2
DA:181,1
DA:182,2
DA:183,1
DA:184,2
DA:185,0
DA:186,0
DA:187,0
DA:188,0
DA:189,0
DA:190,0
DA:191,0
DA:192,0
DA:193,0
DA:194,0
DA:198,0
DA:202,1
DA:205,1
DA:206,1
DA:207,1
DA:208,1
DA:209,1
DA:210,1
DA:211,2
DA:212,2
DA:213,1
DA:215,3
DA:216,3
DA:217,2
DA:219,2
DA:221,1
DA:224,0
DA:228,1
DA:231,1
DA:232,1
DA:233,1
DA:234,1
DA:235,2
DA:236,1
DA:237,1
DA:238,2
DA:239,2
DA:240,0
DA:242,3
DA:243,1
DA:244,1
DA:245,2
DA:246,1
DA:248,1
DA:252,0
LF:128
LH:89
end_of_record
SF:lib\data\models\room_model.dart
DA:5,15
DA:21,2
DA:22,1
DA:23,1
DA:24,2
DA:25,1
DA:26,1
DA:27,1
DA:28,2
DA:29,2
DA:32,2
DA:33,1
DA:34,1
DA:35,1
DA:36,1
DA:37,1
DA:40,1
DA:46,1
DA:47,1
DA:48,1
DA:49,0
DA:50,0
DA:51,0
DA:54,1
DA:55,5
LF:25
LH:22
end_of_record
SF:lib\data\models\image_message_model.dart
DA:5,4
DA:19,1
DA:20,1
DA:21,1
DA:22,1
DA:23,1
DA:24,1
DA:25,1
DA:28,0
DA:33,0
DA:34,0
DA:35,0
DA:36,0
DA:37,0
DA:38,0
DA:41,2
DA:42,1
DA:43,1
DA:44,1
DA:45,1
DA:46,1
DA:49,1
DA:50,1
DA:51,1
DA:52,1
DA:53,1
DA:54,1
DA:55,1
LF:28
LH:21
end_of_record
SF:lib\data\models\text_message_model.dart
DA:5,3
DA:19,1
DA:20,1
DA:21,1
DA:22,1
DA:23,1
DA:24,1
DA:25,1
DA:28,2
DA:29,1
DA:30,1
DA:31,1
DA:32,1
DA:33,1
DA:36,1
DA:37,1
DA:38,1
DA:39,1
DA:40,1
DA:41,1
DA:42,1
LF:21
LH:21
end_of_record
SF:lib\data\models\user_model.dart
DA:5,7
DA:21,2
DA:22,1
DA:23,1
DA:24,1
DA:25,1
DA:26,1
DA:27,1
DA:30,2
DA:31,1
DA:32,1
DA:33,1
DA:34,1
DA:35,1
DA:36,1
DA:39,0
DA:44,0
DA:45,0
DA:46,0
DA:47,0
DA:48,0
DA:49,0
DA:50,0
DA:53,1
DA:54,1
DA:55,1
DA:56,1
DA:57,1
DA:58,1
DA:59,1
LF:30
LH:22
end_of_record
SF:lib\utils\exceptions.dart
DA:4,1
DA:10,0
DA:16,1
LF:3
LH:2
end_of_record
SF:lib\domain\usecases\create_room.dart
DA:9,1
DA:11,1
DA:12,2
LF:3
LH:3
end_of_record
SF:lib\utils\failures.dart
DA:6,12
DA:8,1
DA:9,2
DA:13,3
DA:17,0
DA:21,11
DA:25,3
LF:7
LH:6
end_of_record
SF:lib\data\datasources\local_data_source.dart
DA:9,0
DA:14,0
DA:16,0
DA:23,0
DA:28,0
LF:5
LH:0
end_of_record
SF:lib\data\repository\repository_impl.dart
DA:13,1
DA:22,1
DA:27,3
DA:31,1
DA:32,1
DA:33,3
DA:34,1
DA:39,1
DA:45,2
DA:46,1
DA:47,1
DA:48,3
DA:49,1
DA:55,1
DA:60,3
DA:64,1
DA:65,1
DA:66,3
DA:67,1
DA:72,1
DA:75,2
DA:76,2
DA:83,1
DA:84,3
DA:85,1
DA:91,1
DA:93,3
DA:95,1
DA:99,1
DA:100,3
DA:101,1
DA:107,1
DA:109,3
DA:110,1
DA:111,1
DA:112,3
DA:113,1
DA:118,1
DA:121,2
DA:122,1
DA:123,1
DA:124,3
DA:125,1
DA:130,1
DA:135,2
DA:136,1
DA:137,1
DA:138,3
DA:139,1
DA:145,1
DA:151,3
DA:156,1
DA:157,1
DA:158,3
DA:159,1
LF:55
LH:55
end_of_record
SF:lib\domain\usecases\create_user_profile.dart
DA:7,1
DA:11,1
DA:15,2
LF:3
LH:3
end_of_record
SF:lib\domain\usecases\get_chat_rooms.dart
DA:7,1
DA:11,1
DA:12,2
LF:3
LH:3
end_of_record
SF:lib\domain\usecases\get_messages.dart
DA:6,1
DA:10,1
DA:11,2
LF:3
LH:3
end_of_record
SF:lib\domain\usecases\get_users.dart
DA:7,1
DA:11,1
DA:15,2
LF:3
LH:3
end_of_record
SF:lib\domain\usecases\get_user_profile.dart
DA:7,1
DA:11,1
DA:12,2
LF:3
LH:3
end_of_record
SF:lib\domain\usecases\local_data_picker.dart
DA:6,1
DA:10,3
LF:2
LH:2
end_of_record
SF:lib\domain\usecases\send_message.dart
DA:7,1
DA:11,1
DA:16,2
LF:3
LH:3
end_of_record
SF:lib\domain\usecases\update_user_profile.dart
DA:7,1
DA:11,1
DA:15,2
LF:3
LH:3
end_of_record
